{"balance":20,"cardCode":"878","cardNumber":"807629630","activated":false,"status":"New Card"}
New Card: 807629630[878] Balance: 20.0
Status: 200 
{"balance":20,"cardCode":"878","cardNumber":"807629630","activated":true,"status":"New Card"}
============================================
--------- D E V I C E  S T A T E  ----------
============================================
Pin Option    = 4
Stored Pin    = 1234
Authenticated = false
Orientation   = PORTRAIT
API URL       = http://34.170.121.136/api
API KEY       = Zkfokey2311
API Register  = 9621043
============================================
Screen: starbucks.Passcode
Screen: starbucks.Spacer
Screen: starbucks.KeyPad
KeyPad Touched at (1, 5)
Key: 1
Key: 1 Count: 1
Current State: starbucks.OnePinDigit
D1 = 1
D2 = 
D3 = 
D4 = 
KeyPad Touched at (2, 5)
Key: 2
Key: 2 Count: 2
Current State: starbucks.TwoPinDigits
D1 = 1
D2 = 2
D3 = 
D4 = 
KeyPad Touched at (3, 5)
Key: 3
Key: 3 Count: 3
Current State: starbucks.ThreePinDigits
D1 = 1
D2 = 2
D3 = 3
D4 = 
KeyPad Touched at (1, 6)
Key: 4
Key: 4 Count: 4
Current State: starbucks.FourPinDigits
D1 = 1
D2 = 2
D3 = 3
D4 = 4
Authenticating...
Successful Login!
l: 10
w: 15
h: 15
DEBUG: ¤20.00

cnt1: 1
pad1: 4
....
DEBUG: [Ljava.lang.String;@3e92efc3 1
line (before): ¤20.00 [len = 6]
line (after):      ¤20.00 [pad = 5]
cnt2: 5
pad2: 5
.....


0: ===============
1:    MyCards
2: ===============
3: 
4: 
5: 
6: 
7:      ¤20.00
8: 
9: 
10: 
11: 
12: 
13: 
14: ===============
15: [A][B][C][D][E]
Value: [Ljava.lang.String;@72a7c7e0
l: 10
w: 15
h: 15
DEBUG: [807629630]


Scan Now

cnt1: 4
pad1: 3
...
DEBUG: [Ljava.lang.String;@6e4784bc 4
line (before): [807629630] [len = 11]
line (after):   [807629630] [pad = 2]
line (before):  [len = 0]
line (after):          [pad = 8]
line (before):  [len = 0]
line (after):          [pad = 8]
line (before): Scan Now [len = 8]
line (after):     Scan Now [pad = 4]
cnt2: 7
pad2: 3
...


0: ===============
1:   MyCardsPay
2: ===============
3: 
4: 
5: 
6:   [807629630]
7:         
8:         
9:     Scan Now
10: 
11: 
12: 
13: 
14: ===============
15: [A][B][C][D][E]
Value: [Ljava.lang.String;@34b7ac2f
{"balance":16.09,"cardCode":"878","cardNumber":"807629630","activated":true,"status":"New Card"}
l: 10
w: 15
h: 15
DEBUG: [807629630]


Scan Now

cnt1: 4
pad1: 3
...
DEBUG: [Ljava.lang.String;@e056f20 4
line (before): [807629630] [len = 11]
line (after):   [807629630] [pad = 2]
line (before):  [len = 0]
line (after):          [pad = 8]
line (before):  [len = 0]
line (after):          [pad = 8]
line (before): Scan Now [len = 8]
line (after):     Scan Now [pad = 4]
cnt2: 7
pad2: 3
...


0: ===============
1:   MyCardsPay
2: ===============
3: 
4: 
5: 
6:   [807629630]
7:         
8:         
9:     Scan Now
10: 
11: 
12: 
13: 
14: ===============
15: [A][B][C][D][E]
Value: [Ljava.lang.String;@4b0b0854
l: 10
w: 15
h: 15
DEBUG: ¤16.09

cnt1: 1
pad1: 4
....
DEBUG: [Ljava.lang.String;@19bb07ed 1
line (before): ¤16.09 [len = 6]
line (after):      ¤16.09 [pad = 5]
cnt2: 5
pad2: 5
.....


0: ===============
1:    MyCards
2: ===============
3: 
4: 
5: 
6: 
7:      ¤16.09
8: 
9: 
10: 
11: 
12: 
13: 
14: ===============
15: [A][B][C][D][E]
Value: [Ljava.lang.String;@10e41621
l: 10
w: 15
h: 15
DEBUG: [807629630]


Scan Now

cnt1: 4
pad1: 3
...
DEBUG: [Ljava.lang.String;@353d0772 4
line (before): [807629630] [len = 11]
line (after):   [807629630] [pad = 2]
line (before):  [len = 0]
line (after):          [pad = 8]
line (before):  [len = 0]
line (after):          [pad = 8]
line (before): Scan Now [len = 8]
line (after):     Scan Now [pad = 4]
cnt2: 7
pad2: 3
...


0: ===============
1:   MyCardsPay
2: ===============
3: 
4: 
5: 
6:   [807629630]
7:         
8:         
9:     Scan Now
10: 
11: 
12: 
13: 
14: ===============
15: [A][B][C][D][E]
Value: [Ljava.lang.String;@2667f029
{"balance":11.85,"cardCode":"878","cardNumber":"807629630","activated":true,"status":"New Card"}
l: 10
w: 15
h: 15
DEBUG: [807629630]


Scan Now

cnt1: 4
pad1: 3
...
DEBUG: [Ljava.lang.String;@57c758ac 4
line (before): [807629630] [len = 11]
line (after):   [807629630] [pad = 2]
line (before):  [len = 0]
line (after):          [pad = 8]
line (before):  [len = 0]
line (after):          [pad = 8]
line (before): Scan Now [len = 8]
line (after):     Scan Now [pad = 4]
cnt2: 7
pad2: 3
...


0: ===============
1:   MyCardsPay
2: ===============
3: 
4: 
5: 
6:   [807629630]
7:         
8:         
9:     Scan Now
10: 
11: 
12: 
13: 
14: ===============
15: [A][B][C][D][E]
Value: [Ljava.lang.String;@a9cd3b1
l: 10
w: 15
h: 15
DEBUG: ¤11.85

cnt1: 1
pad1: 4
....
DEBUG: [Ljava.lang.String;@13e39c73 1
line (before): ¤11.85 [len = 6]
line (after):      ¤11.85 [pad = 5]
cnt2: 5
pad2: 5
.....


0: ===============
1:    MyCards
2: ===============
3: 
4: 
5: 
6: 
7:      ¤11.85
8: 
9: 
10: 
11: 
12: 
13: 
14: ===============
15: [A][B][C][D][E]
